<?xml version="1.0" encoding="UTF-8"?>
<!-- Generated by org.testng.reporters.JUnitReportReporter -->
<testsuite hostname="DESKTOP-RL19R3G" failures="0" tests="5" name="CS.New.test.LoginPageTest" time="89.196" errors="0" timestamp="2023-02-01T18:48:40 IST" skipped="0">
  <testcase classname="CS.New.test.LoginPageTest" name="verifyInvalidLoginCredentials" time="14.384"/>
  <system-out/>
  <testcase classname="CS.New.test.LoginPageTest" name="verifyInvalidLoginCredentials" time="11.123"/>
  <system-out/>
  <testcase classname="CS.New.test.LoginPageTest" name="LoginTest" time="13.799"/>
  <system-out/>
  <testcase classname="CS.New.test.LoginPageTest" name="verifyInvalidLoginCredentials" time="38.290"/>
  <system-out/>
  <testcase classname="CS.New.test.LoginPageTest" name="verifyLoginPageTitle" time="11.600"/>
  <system-out/>
</testsuite> <!-- CS.New.test.LoginPageTest -->
