<?xml version="1.0" encoding="UTF-8"?>
<!-- Generated by org.testng.reporters.JUnitReportReporter -->
<testsuite hostname="DESKTOP-RL19R3G" failures="0" tests="5" name="CS.New.test.LoginPageTest" time="93.759" errors="0" timestamp="2023-02-01T19:00:38 IST" skipped="0">
  <testcase classname="CS.New.test.LoginPageTest" name="verifyInvalidLoginCredentials" time="18.438"/>
  <system-out/>
  <testcase classname="CS.New.test.LoginPageTest" name="verifyInvalidLoginCredentials" time="24.038"/>
  <system-out/>
  <testcase classname="CS.New.test.LoginPageTest" name="verifyInvalidLoginCredentials" time="12.899"/>
  <system-out/>
  <testcase classname="CS.New.test.LoginPageTest" name="LoginTest" time="27.728"/>
  <system-out/>
  <testcase classname="CS.New.test.LoginPageTest" name="verifyLoginPageTitle" time="10.656"/>
  <system-out/>
</testsuite> <!-- CS.New.test.LoginPageTest -->
