<?xml version="1.0" encoding="UTF-8"?>
<!-- Generated by org.testng.reporters.JUnitReportReporter -->
<testsuite hostname="DESKTOP-RL19R3G" failures="0" tests="1" name="CS.New.test.AdminPageTest" time="18.090" errors="0" timestamp="2023-02-01T19:00:38 IST" skipped="0">
  <testcase classname="CS.New.test.AdminPageTest" name="verifyLable" time="18.090"/>
  <system-out/>
</testsuite> <!-- CS.New.test.AdminPageTest -->
